<?xml version="1.0" encoding="UTF-8"?>
<!-- Generated by org.testng.reporters.JUnitReportReporter -->
<testsuite skipped="0" hostname="DESKTOP-LT0H2AE" name="com.app.runners.CukesRunner" tests="1" failures="0" timestamp="24 Oct 2018 23:53:18 GMT" time="6.666" errors="0">
  <testcase name="runScenario" time="6.666" classname="com.app.runners.CukesRunner"/>
</testsuite> <!-- com.app.runners.CukesRunner -->
