<?xml version="1.0" encoding="UTF-8"?>
<!-- Generated by org.testng.reporters.JUnitReportReporter -->
<testsuite skipped="0" hostname="surface" name="com.app.runners.CukesRunner" tests="2" failures="0" timestamp="29 Oct 2018 20:12:13 GMT" time="11.251" errors="0">
  <testcase name="runScenario" time="9.262" classname="com.app.runners.CukesRunner"/>
  <testcase name="runScenario" time="1.989" classname="com.app.runners.CukesRunner"/>
</testsuite> <!-- com.app.runners.CukesRunner -->
