<?xml version="1.0" encoding="UTF-8"?>
<!-- Generated by org.testng.reporters.JUnitReportReporter -->
<testsuite skipped="1" hostname="DESKTOP-LT0H2AE" name="com.app.runners.CukesRunner" tests="1" failures="0" timestamp="31 Oct 2018 02:10:14 GMT" time="0.158" errors="0">
  <testcase name="runScenario" time="0.158" classname="com.app.runners.CukesRunner">
    <skipped/>
  </testcase> <!-- runScenario -->
</testsuite> <!-- com.app.runners.CukesRunner -->
